<?xml version="1.0" encoding="UTF-8"?>
<testng-results skipped="0" failed="0" total="2" passed="2">
  <reporter-output>
  </reporter-output>
  <suite name="Default suite" duration-ms="28" started-at="2015-12-15T21:53:54Z" finished-at="2015-12-15T21:53:55Z">
    <groups>
    </groups>
    <test name="Default test" duration-ms="28" started-at="2015-12-15T21:53:54Z" finished-at="2015-12-15T21:53:55Z">
      <class name="datastructure.Learn7_SortingLists">
        <test-method status="PASS" signature="testHashMapArrayList()[pri:0, instance:datastructure.Learn7_SortingLists@583f5cc3]" name="testHashMapArrayList" duration-ms="12" started-at="2015-12-15T13:53:55Z" finished-at="2015-12-15T13:53:55Z">
          <reporter-output>
          </reporter-output>
        </test-method> <!-- testHashMapArrayList -->
        <test-method status="PASS" signature="testHashMapArrayList2()[pri:0, instance:datastructure.Learn7_SortingLists@583f5cc3]" name="testHashMapArrayList2" duration-ms="1" started-at="2015-12-15T13:53:55Z" finished-at="2015-12-15T13:53:55Z">
          <reporter-output>
          </reporter-output>
        </test-method> <!-- testHashMapArrayList2 -->
      </class> <!-- datastructure.Learn7_SortingLists -->
    </test> <!-- Default test -->
  </suite> <!-- Default suite -->
</testng-results>
