<?xml version="1.0" encoding="UTF-8"?>
<testng-results skipped="0" failed="0" total="2" passed="2">
  <reporter-output>
  </reporter-output>
  <suite name="Default suite" duration-ms="81" started-at="2016-09-16T22:32:25Z" finished-at="2016-09-16T22:32:25Z">
    <groups>
    </groups>
    <test name="Default test" duration-ms="81" started-at="2016-09-16T22:32:25Z" finished-at="2016-09-16T22:32:25Z">
      <class name="RegEx">
        <test-method status="PASS" signature="regexFirst()[pri:0, instance:RegEx@27e33378]" name="regexFirst" duration-ms="41" started-at="2016-09-16T15:32:25Z" finished-at="2016-09-16T15:32:25Z">
          <reporter-output>
          </reporter-output>
        </test-method> <!-- regexFirst -->
        <test-method status="PASS" signature="regexFirst2()[pri:0, instance:RegEx@27e33378]" name="regexFirst2" duration-ms="3" started-at="2016-09-16T15:32:25Z" finished-at="2016-09-16T15:32:25Z">
          <reporter-output>
          </reporter-output>
        </test-method> <!-- regexFirst2 -->
      </class> <!-- RegEx -->
    </test> <!-- Default test -->
  </suite> <!-- Default suite -->
</testng-results>
